<?xml version="1.0" encoding="UTF-8" ?>
<testsuite tests="7" failures="0" name="put.ai.games.kassle.KassleBoardTest" time="0.011" errors="0" skipped="0">
  <properties>
[...]
</properties>
  <testcase classname="put.ai.games.kassle.KassleBoardTest" name="consecutiveShiftTest" time="0.006"/>
  <testcase classname="put.ai.games.kassle.KassleBoardTest" name="dropTest" time="0"/>
  <testcase classname="put.ai.games.kassle.KassleBoardTest" name="upDownTest" time="0.002"/>
  <testcase classname="put.ai.games.kassle.KassleBoardTest" name="undoTest" time="0.001"/>
  <testcase classname="put.ai.games.kassle.KassleBoardTest" name="winRow" time="0.001"/>
  <testcase classname="put.ai.games.kassle.KassleBoardTest" name="winCol" time="0.001"/>
  <testcase classname="put.ai.games.kassle.KassleBoardTest" name="leftRightTest" time="0"/>
</testsuite>